1505227384.102107 client started (41593): version 2.5, socket /private/tmp/tmux-502/default, protocol 8
1505227384.102144 on Darwin 16.7.0 Darwin Kernel Version 16.7.0: Thu Jun 15 17:36:27 PDT 2017; root:xnu-3789.70.16~2/RELEASE_X86_64; libevent 2.1.8-stable (select)
1505227384.102186 socket is /private/tmp/tmux-502/default
1505227384.102203 trying connect
1505227384.102288 add peer 0x7fe0bb801000: 6 (0x0)
1505227384.103367 sending message 100 to peer 0x7fe0bb801000 (4 bytes)
1505227384.103381 sending message 101 to peer 0x7fe0bb801000 (16 bytes)
1505227384.103386 sending message 102 to peer 0x7fe0bb801000 (13 bytes)
1505227384.103389 sending message 108 to peer 0x7fe0bb801000 (41 bytes)
1505227384.103400 sending message 104 to peer 0x7fe0bb801000 (0 bytes)
1505227384.103403 sending message 107 to peer 0x7fe0bb801000 (4 bytes)
1505227384.103407 sending message 105 to peer 0x7fe0bb801000 (76 bytes)
1505227384.103411 sending message 105 to peer 0x7fe0bb801000 (14 bytes)
1505227384.103414 sending message 105 to peer 0x7fe0bb801000 (22 bytes)
1505227384.103417 sending message 105 to peer 0x7fe0bb801000 (29 bytes)
1505227384.103421 sending message 105 to peer 0x7fe0bb801000 (24 bytes)
1505227384.103424 sending message 105 to peer 0x7fe0bb801000 (22 bytes)
1505227384.103428 sending message 105 to peer 0x7fe0bb801000 (61 bytes)
1505227384.103431 sending message 105 to peer 0x7fe0bb801000 (17 bytes)
1505227384.103435 sending message 105 to peer 0x7fe0bb801000 (20 bytes)
1505227384.103438 sending message 105 to peer 0x7fe0bb801000 (48 bytes)
1505227384.103442 sending message 105 to peer 0x7fe0bb801000 (183 bytes)
1505227384.103446 sending message 105 to peer 0x7fe0bb801000 (16 bytes)
1505227384.103449 sending message 105 to peer 0x7fe0bb801000 (45 bytes)
1505227384.103453 sending message 105 to peer 0x7fe0bb801000 (24 bytes)
1505227384.103456 sending message 105 to peer 0x7fe0bb801000 (15 bytes)
1505227384.103460 sending message 105 to peer 0x7fe0bb801000 (8 bytes)
1505227384.103463 sending message 105 to peer 0x7fe0bb801000 (66 bytes)
1505227384.103467 sending message 105 to peer 0x7fe0bb801000 (21 bytes)
1505227384.103470 sending message 105 to peer 0x7fe0bb801000 (23 bytes)
1505227384.103474 sending message 105 to peer 0x7fe0bb801000 (28 bytes)
1505227384.103477 sending message 105 to peer 0x7fe0bb801000 (60 bytes)
1505227384.103481 sending message 105 to peer 0x7fe0bb801000 (57 bytes)
1505227384.103484 sending message 105 to peer 0x7fe0bb801000 (43 bytes)
1505227384.103487 sending message 105 to peer 0x7fe0bb801000 (14 bytes)
1505227384.103491 sending message 105 to peer 0x7fe0bb801000 (17 bytes)
1505227384.103494 sending message 105 to peer 0x7fe0bb801000 (48 bytes)
1505227384.103498 sending message 105 to peer 0x7fe0bb801000 (14 bytes)
1505227384.103501 sending message 105 to peer 0x7fe0bb801000 (19 bytes)
1505227384.103505 sending message 105 to peer 0x7fe0bb801000 (22 bytes)
1505227384.103508 sending message 105 to peer 0x7fe0bb801000 (39 bytes)
1505227384.103512 sending message 105 to peer 0x7fe0bb801000 (69 bytes)
1505227384.103515 sending message 105 to peer 0x7fe0bb801000 (82 bytes)
1505227384.103519 sending message 105 to peer 0x7fe0bb801000 (34 bytes)
1505227384.103522 sending message 105 to peer 0x7fe0bb801000 (11 bytes)
1505227384.103526 sending message 105 to peer 0x7fe0bb801000 (8 bytes)
1505227384.103529 sending message 105 to peer 0x7fe0bb801000 (21 bytes)
1505227384.103533 sending message 105 to peer 0x7fe0bb801000 (32 bytes)
1505227384.103536 sending message 105 to peer 0x7fe0bb801000 (11 bytes)
1505227384.103539 sending message 105 to peer 0x7fe0bb801000 (17 bytes)
1505227384.103543 sending message 105 to peer 0x7fe0bb801000 (15 bytes)
1505227384.103546 sending message 106 to peer 0x7fe0bb801000 (0 bytes)
1505227384.103553 sending message 200 to peer 0x7fe0bb801000 (4 bytes)
1505227384.103559 client loop enter
1505227384.103904 peer 0x7fe0bb801000 message 211
1505227384.103926 peer 0x7fe0bb801000 message 203
1505227384.103932 client loop exit
